app/build/intermediates/manifest_merge_blame_file/debug/manifest-merger-blame-debug-report.txt
1<?xml version="1.0" encoding="utf-8"?>
2<manifest xmlns:android="http://schemas.android.com/apk/res/android"
3    package="com.example.camera2extractor"
4    android:versionCode="1"
5    android:versionName="1.0" >
6
7    <uses-sdk
8        android:minSdkVersion="21"
8-->src/main/AndroidManifest.xml
9        android:targetSdkVersion="33" />
9-->src/main/AndroidManifest.xml
10
11    <uses-permission android:name="android.permission.CAMERA" />
11-->src/main/AndroidManifest.xml:2:5-65
11-->src/main/AndroidManifest.xml:2:22-62
12    <uses-permission android:name="android.permission.WRITE_EXTERNAL_STORAGE" />
12-->src/main/AndroidManifest.xml:3:5-81
12-->src/main/AndroidManifest.xml:3:22-78
13
14    <application
14-->src/main/AndroidManifest.xml:4:5-15:19
15        android:allowBackup="true"
15-->src/main/AndroidManifest.xml:5:9-35
16        android:debuggable="true"
17        android:label="Camera2 Extractor"
17-->src/main/AndroidManifest.xml:6:9-42
18        android:theme="@android:style/Theme.NoTitleBar.Fullscreen" >
18-->src/main/AndroidManifest.xml:7:9-67
19        <activity
19-->src/main/AndroidManifest.xml:8:9-14:20
20            android:name="com.example.camera2extractor.MainActivity"
20-->src/main/AndroidManifest.xml:8:19-47
21            android:exported="true" >
21-->src/main/AndroidManifest.xml:9:13-36
22            <intent-filter>
22-->src/main/AndroidManifest.xml:10:13-13:29
23                <action android:name="android.intent.action.MAIN" />
23-->src/main/AndroidManifest.xml:11:17-69
23-->src/main/AndroidManifest.xml:11:25-66
24
25                <category android:name="android.intent.category.LAUNCHER" />
25-->src/main/AndroidManifest.xml:12:17-77
25-->src/main/AndroidManifest.xml:12:27-74
26            </intent-filter>
27        </activity>
28    </application>
29
30</manifest>